Arguments: 
  C:\Program Files\nodejs\node.exe C:\Users\kavin\AppData\Roaming\npm\node_modules\yarn\bin\yarn.js

PATH: 
  C:\Program Files\Go\bin;C:\Program Files\nodejs\;C:\Program Files\MySQL\MySQL Shell 8.0\bin\;C:\Users\kavin\AppData\Local\Microsoft\WindowsApps;C:\Users\kavin\AppData\Local\Programs\Julia-1.6.3\bin;C:\Users\kavin\.dotnet\tools;C:\Program Files\CodeBlocks\MinGW\bin;C:\Users\kavin\AppData\Local\Programs\Microsoft VS Code\bin;C:\Program Files\apache-maven-3.9.1\bin;C:\Program Files\Java\jdk-20\bin;C:\Users\kavin\go\bin;C:\Users\kavin\AppData\Roaming\npm;C:\Program Files\spark-3.4.0-bin-hadoop3\bin

Yarn version: 
  1.22.19

Node version: 
  18.16.0

Platform: 
  win32 x64

Trace: 
  Error: EPERM: operation not permitted, unlink 'C:\Users\kavin\OneDrive\Desktop\College stuff\sem 6\BC\DSM\node_modules\bufferutil\prebuilds\win32-x64\node.napi.node'

npm manifest: 
  {
    "name": "my_project_impl",
    "version": "1.0.0",
    "description": "",
    "main": "truffle-config.js",
    "directories": {
      "test": "test"
    },
    "scripts": {
      "start": "react-scripts start",
      "build": "react-scripts build",
      "test": "echo \"Error: no test specified\" && exit 1"
    },
    "eslintConfig": {
      "extends": [
          "react-app",
          "react-app/jest"
      ]
    },
    "author": "",
    "license": "ISC",
    "dependencies": {
      "classnames": "^2.3.2",
      "ganache-cli": "^6.12.2",
      "ipfs-cli": "^0.16.0",
      "lite-server": "^2.3.0",
      "react-dom": "^18.2.0",
      "web-vitals": "^3.3.1",
      "web3": "^1.9.0"
    },
    "devDependencies": {
      "@testing-library/jest-dom": "^5.11.4",
      "@testing-library/react": "^11.1.0",
      "@testing-library/user-event": "^12.1.10",
      "@types/crypto-js": "^4.0.1",
      "@types/jest": "^26.0.15",
      "@types/node": "^12.0.0",
      "@types/react": "^17.0.0",
      "@types/react-dom": "^17.0.0",
      "classnames": "^2.3.1",
      "crypto-js": "^4.0.0",
      "ipfs-http-client": "^50.1.0",
      "node-sass": "4.14.1",
      "react": "^17.0.2",
      "react-dom": "^17.0.2",
      "react-scripts": "4.0.3",
      "typescript": "^4.1.2",
      "web-vitals": "^1.0.1",
      "web3": "^1.3.6"
    }
  }

yarn manifest: 
  No manifest

Lockfile: 
  No lockfile
